<?xml version="1.0" encoding="UTF-8"?>
<!-- Generated by org.testng.reporters.JUnitReportReporter -->
<testsuite hostname="DESKTOP-ALK50C5" failures="0" tests="1" name="org.pom_TestCases.VerifyRegistrationOnly_Test" time="177.048" errors="0" timestamp="2025-05-30T19:18:18 IST" skipped="0">
  <testcase classname="org.pom_TestCases.VerifyRegistrationOnly_Test" name="verify_Opd_registration" time="177.048"/>
  <system-out/>
</testsuite> <!-- org.pom_TestCases.VerifyRegistrationOnly_Test -->
