<?xml version="1.0" encoding="UTF-8"?>
<!-- Generated by org.testng.reporters.JUnitReportReporter -->
<testsuite hostname="DESKTOP-ALK50C5" failures="0" tests="1" name="org.pom_TestCases.VerifyQueueManagement_Test" time="34.141" errors="0" timestamp="2025-05-23T20:23:59 IST" skipped="0">
  <testcase classname="org.pom_TestCases.VerifyQueueManagement_Test" name="verify_queue_Management" time="34.141"/>
  <system-out/>
</testsuite> <!-- org.pom_TestCases.VerifyQueueManagement_Test -->
