<?xml version="1.0" encoding="UTF-8"?>
<!-- Generated by org.testng.reporters.JUnitReportReporter -->
<testsuite hostname="DESKTOP-ALK50C5" failures="0" tests="1" name="org.pom_TestCases.VerifyOPDRegistration_Test" time="100.119" errors="0" timestamp="2025-05-24T09:43:26 IST" skipped="0">
  <testcase classname="org.pom_TestCases.VerifyOPDRegistration_Test" name="verify_Opd_registration" time="100.119"/>
  <system-out/>
</testsuite> <!-- org.pom_TestCases.VerifyOPDRegistration_Test -->
